<?xml version="1.0" encoding="UTF-8"?>
<!-- Generated by org.testng.reporters.JUnitReportReporter -->
<testsuite skipped="0" hostname="sajjad-PC" name="com.zoopla.Test._PropertyforsaleTest" tests="1" failures="0" timestamp="07 Apr 2019 13:13:57 GMT" time="12.715" errors="0">
  <testcase name="x" time="12.715" classname="com.zoopla.Test._PropertyforsaleTest"/>
</testsuite> <!-- com.zoopla.Test._PropertyforsaleTest -->
