<?xml version="1.0" encoding="UTF-8"?>
<!-- Generated by org.testng.reporters.JUnitReportReporter -->
<testsuite skipped="0" hostname="sajjad-PC" name="com.TestNGTest.FactoryExampleTest" tests="2" failures="0" timestamp="12 Apr 2019 19:47:08 GMT" time="0.017" errors="0">
  <testcase name="testMethod" time="0.003" classname="com.TestNGTest.FactoryExampleTest"/>
  <testcase name="testMethod" time="0.014" classname="com.TestNGTest.FactoryExampleTest"/>
</testsuite> <!-- com.TestNGTest.FactoryExampleTest -->
