<?xml version="1.0" encoding="UTF-8"?>
<!-- Generated by org.testng.reporters.JUnitReportReporter -->
<testsuite skipped="0" hostname="sajjad-PC" name="com.TestNGTest.TestNGTest1" tests="1" failures="0" timestamp="12 Apr 2019 15:30:37 GMT" time="0.002" errors="0">
  <testcase name="VerifyTest1" time="0.002" classname="com.TestNGTest.TestNGTest1"/>
</testsuite> <!-- com.TestNGTest.TestNGTest1 -->
