<?xml version="1.0" encoding="UTF-8"?>
<!-- Generated by org.testng.reporters.JUnitReportReporter -->
<testsuite skipped="0" hostname="sajjad-PC" name="com.hubspot.test.HomePageTest" tests="1" failures="0" timestamp="16 Apr 2019 10:44:12 GMT" time="15.958" errors="0">
  <testcase name="navigatetoContactsPage" time="15.958" classname="com.hubspot.test.HomePageTest"/>
</testsuite> <!-- com.hubspot.test.HomePageTest -->
