<?xml version="1.0" encoding="UTF-8"?>
<!-- Generated by org.testng.reporters.JUnitReportReporter -->
<testsuite skipped="0" hostname="sajjad-PC" name="com.TestNGTest.SimpleTestFactory" tests="2" failures="0" timestamp="12 Apr 2019 20:15:46 GMT" time="0.015" errors="0">
  <testcase name="simpleTest1" time="0.002" classname="com.TestNGTest.SimpleTestFactory"/>
  <testcase name="simpleTest" time="0.013" classname="com.TestNGTest.SimpleTestFactory"/>
</testsuite> <!-- com.TestNGTest.SimpleTestFactory -->
