<?xml version="1.0" encoding="UTF-8"?>
<!-- Generated by org.testng.reporters.JUnitReportReporter -->
<testsuite skipped="0" hostname="sajjad-PC" name="com.TestNGTest.GroupsSampleProgram" tests="9" failures="0" timestamp="12 Apr 2019 21:20:58 GMT" time="0.032" errors="0">
  <testcase name="regressionTest3" time="0.002" classname="com.TestNGTest.GroupsSampleProgram"/>
  <testcase name="regressionTest1" time="0.002" classname="com.TestNGTest.GroupsSampleProgram"/>
  <testcase name="sanityTest1" time="0.002" classname="com.TestNGTest.GroupsSampleProgram"/>
  <testcase name="sanityTest3" time="0.001" classname="com.TestNGTest.GroupsSampleProgram"/>
  <testcase name="sanityTest2" time="0.001" classname="com.TestNGTest.GroupsSampleProgram"/>
  <testcase name="regressionTest2" time="0.002" classname="com.TestNGTest.GroupsSampleProgram"/>
  <testcase name="regressionSanity" time="0.017" classname="com.TestNGTest.GroupsSampleProgram"/>
  <testcase name="sanityTest4" time="0.002" classname="com.TestNGTest.GroupsSampleProgram"/>
  <testcase name="regressionTest4" time="0.003" classname="com.TestNGTest.GroupsSampleProgram"/>
</testsuite> <!-- com.TestNGTest.GroupsSampleProgram -->
