<?xml version="1.0" encoding="UTF-8"?>
<!-- Generated by org.testng.reporters.JUnitReportReporter -->
<testsuite skipped="0" hostname="sajjad-PC" name="com.TestNGTest.TestNGTest3" tests="1" failures="0" timestamp="12 Apr 2019 15:30:37 GMT" time="0.008" errors="0">
  <testcase name="VerifyTest3" time="0.008" classname="com.TestNGTest.TestNGTest3"/>
</testsuite> <!-- com.TestNGTest.TestNGTest3 -->
