<?xml version="1.0" encoding="UTF-8"?>
<!-- Generated by org.testng.reporters.JUnitReportReporter -->
<testsuite skipped="0" hostname="sajjad-PC" name="com.TestNGTest.CrossBrowserScript" tests="2" failures="0" timestamp="13 Apr 2019 10:37:20 GMT" time="18.242" errors="0">
  <testcase name="testParameterWithXML" time="8.030" classname="com.TestNGTest.CrossBrowserScript"/>
  <testcase name="testParameterWithXML" time="10.212" classname="com.TestNGTest.CrossBrowserScript"/>
</testsuite> <!-- com.TestNGTest.CrossBrowserScript -->
