<?xml version="1.0" encoding="UTF-8"?>
<!-- Generated by org.testng.reporters.JUnitReportReporter -->
<testsuite skipped="0" hostname="sajjad-PC" name="com.TestNGTest.SavesScreenshot" tests="1" failures="0" timestamp="17 Apr 2019 20:38:49 GMT" time="7.409" errors="0">
  <testcase name="ScreenShotAS" time="7.409" classname="com.TestNGTest.SavesScreenshot"/>
</testsuite> <!-- com.TestNGTest.SavesScreenshot -->
