<?xml version="1.0" encoding="UTF-8"?>
<!-- Generated by org.testng.reporters.JUnitReportReporter -->
<testsuite skipped="2" hostname="sajjad-PC" name="com.hubspot.test.LoginPageTest" tests="3" failures="0" timestamp="16 Apr 2019 18:44:09 GMT" time="8.972" errors="0">
  <testcase name="invalidLogin" time="8.972" classname="com.hubspot.test.LoginPageTest"/>
  <testcase name="validLogin" classname="com.hubspot.test.LoginPageTest">
    <skipped/>
  </testcase> <!-- validLogin -->
  <testcase name="getPageTitle" classname="com.hubspot.test.LoginPageTest">
    <skipped/>
  </testcase> <!-- getPageTitle -->
</testsuite> <!-- com.hubspot.test.LoginPageTest -->
