<?xml version="1.0" encoding="UTF-8"?>
<!-- Generated by org.testng.reporters.JUnitReportReporter -->
<testsuite skipped="0" hostname="sajjad-PC" name="com.TestNGTest.ParameterizedTest" tests="1" failures="0" timestamp="12 Apr 2019 16:19:28 GMT" time="0.019" errors="0">
  <testcase name="parameterizedTest" time="0.019" classname="com.TestNGTest.ParameterizedTest"/>
</testsuite> <!-- com.TestNGTest.ParameterizedTest -->
