<?xml version="1.0" encoding="UTF-8"?>
<!-- Generated by org.testng.reporters.JUnitReportReporter -->
<testsuite skipped="0" hostname="sajjad-PC" name="com.hubspot.test.FormsPageTest" tests="1" failures="0" timestamp="11 Apr 2019 06:58:39 GMT" time="19.623" errors="0">
  <testcase name="navigatetoFormPage" time="19.623" classname="com.hubspot.test.FormsPageTest"/>
</testsuite> <!-- com.hubspot.test.FormsPageTest -->
