<?xml version="1.0" encoding="UTF-8"?>
<!-- Generated by org.testng.reporters.JUnitReportReporter -->
<testsuite skipped="0" hostname="sajjad-PC" name="com.TestNGTest.SimpleTest" tests="2" failures="0" timestamp="12 Apr 2019 19:52:12 GMT" time="0.004" errors="0">
  <testcase name="simpleTest" time="0.002" classname="com.TestNGTest.SimpleTest"/>
  <testcase name="simpleTest" time="0.002" classname="com.TestNGTest.SimpleTest"/>
</testsuite> <!-- com.TestNGTest.SimpleTest -->
