<?xml version="1.0" encoding="UTF-8"?>
<!-- Generated by org.testng.reporters.JUnitReportReporter -->
<testsuite skipped="0" hostname="sajjad-PC" name="com.TestNGTest.log4jtest" tests="1" failures="0" timestamp="16 Apr 2019 18:41:51 GMT" time="10.861" errors="0">
  <testcase name="Test1" time="10.861" classname="com.TestNGTest.log4jtest"/>
</testsuite> <!-- com.TestNGTest.log4jtest -->
