<?xml version="1.0" encoding="UTF-8"?>
<!-- Generated by org.testng.reporters.JUnitReportReporter -->
<testsuite skipped="0" hostname="sajjad-PC" name="com.hubspot.test.MarketingPageTest" tests="1" failures="0" timestamp="11 Apr 2019 06:41:44 GMT" time="15.163" errors="0">
  <testcase name="navigatetoFormPage" time="15.163" classname="com.hubspot.test.MarketingPageTest"/>
</testsuite> <!-- com.hubspot.test.MarketingPageTest -->
