<?xml version="1.0" encoding="UTF-8"?>
<!-- Generated by org.testng.reporters.JUnitReportReporter -->
<testsuite skipped="0" hostname="sajjad-PC" name="com.TestNGTest.findAllWebElements" tests="1" failures="0" timestamp="13 Apr 2019 14:09:02 GMT" time="28.751" errors="0">
  <testcase name="Test" time="28.751" classname="com.TestNGTest.findAllWebElements"/>
</testsuite> <!-- com.TestNGTest.findAllWebElements -->
