<?xml version="1.0" encoding="UTF-8"?>
<!-- Generated by org.testng.reporters.JUnitReportReporter -->
<testsuite skipped="0" hostname="sajjad-PC" name="com.zoopla.Test.ForsalePageTest" tests="1" failures="0" timestamp="07 Apr 2019 12:45:12 GMT" time="13.654" errors="0">
  <testcase name="salePage" time="13.654" classname="com.zoopla.Test.ForsalePageTest"/>
</testsuite> <!-- com.zoopla.Test.ForsalePageTest -->
