<?xml version="1.0" encoding="UTF-8"?>
<!-- Generated by org.testng.reporters.JUnitReportReporter -->
<testsuite skipped="0" hostname="sajjad-PC" name="com.TestNGTest.TestNGTest4" tests="4" failures="0" timestamp="12 Apr 2019 16:17:19 GMT" time="0.017" errors="0">
  <testcase name="VerifyTest7" time="0.001" classname="com.TestNGTest.TestNGTest4"/>
  <testcase name="VerifyTest5" time="0.002" classname="com.TestNGTest.TestNGTest4"/>
  <testcase name="VerifyTest6" time="0.001" classname="com.TestNGTest.TestNGTest4"/>
  <testcase name="VerifyTest4" time="0.013" classname="com.TestNGTest.TestNGTest4"/>
</testsuite> <!-- com.TestNGTest.TestNGTest4 -->
