<?xml version="1.0" encoding="UTF-8"?>
<!-- Generated by org.testng.reporters.JUnitReportReporter -->
<testsuite skipped="0" hostname="sajjad-PC" name="com.TestNGTest.NewTest1" tests="1" failures="0" timestamp="12 Apr 2019 16:00:45 GMT" time="0.009" errors="0">
  <testcase name="f" time="0.009" classname="com.TestNGTest.NewTest1"/>
</testsuite> <!-- com.TestNGTest.NewTest1 -->
