<?xml version="1.0" encoding="UTF-8"?>
<!-- Generated by org.testng.reporters.JUnitReportReporter -->
<testsuite skipped="0" hostname="sajjad-PC" name="com.TestNGTest.Test1" tests="1" failures="0" timestamp="12 Apr 2019 20:15:46 GMT" time="0.002" errors="0">
  <testcase name="test1" time="0.002" classname="com.TestNGTest.Test1"/>
</testsuite> <!-- com.TestNGTest.Test1 -->
