<?xml version="1.0" encoding="UTF-8"?>
<!-- Generated by org.testng.reporters.JUnitReportReporter -->
<testsuite skipped="0" hostname="sajjad-PC" name="com.TestNGTest.DataProviderExe" tests="2" failures="0" timestamp="12 Apr 2019 20:17:29 GMT" time="0.016" errors="0">
  <testcase name="LoginTest" time="0.014" classname="com.TestNGTest.DataProviderExe"/>
  <testcase name="LoginTest" time="0.002" classname="com.TestNGTest.DataProviderExe"/>
</testsuite> <!-- com.TestNGTest.DataProviderExe -->
